Analysis & Synthesis report for riscvmulti
Mon May 23 11:41:21 2022
Quartus Prime Version 18.0.0 Build 614 04/24/2018 SJ Lite Edition


---------------------
; Table of Contents ;
---------------------
  1. Legal Notice
  2. Analysis & Synthesis Summary
  3. Analysis & Synthesis Settings
  4. Parallel Compilation
  5. Analysis & Synthesis Messages



----------------
; Legal Notice ;
----------------
Copyright (C) 2018  Intel Corporation. All rights reserved.
Your use of Intel Corporation's design tools, logic functions 
and other software and tools, and its AMPP partner logic 
functions, and any output files from any of the foregoing 
(including device programming or simulation files), and any 
associated documentation or information are expressly subject 
to the terms and conditions of the Intel Program License 
Subscription Agreement, the Intel Quartus Prime License Agreement,
the Intel FPGA IP License Agreement, or other applicable license
agreement, including, without limitation, that your use is for
the sole purpose of programming logic devices manufactured by
Intel and sold by Intel or its authorized distributors.  Please
refer to the applicable agreement for further details.



+---------------------------------------------------------------------------+
; Analysis & Synthesis Summary                                              ;
+-----------------------------+---------------------------------------------+
; Analysis & Synthesis Status ; Failed - Mon May 23 11:41:21 2022           ;
; Quartus Prime Version       ; 18.0.0 Build 614 04/24/2018 SJ Lite Edition ;
; Revision Name               ; riscvmulti                                  ;
; Top-level Entity Name       ; riscvmulti                                  ;
; Family                      ; Cyclone V                                   ;
; Logic utilization (in ALMs) ; N/A until Partition Merge                   ;
; Total registers             ; N/A until Partition Merge                   ;
; Total pins                  ; N/A until Partition Merge                   ;
; Total virtual pins          ; N/A until Partition Merge                   ;
; Total block memory bits     ; N/A until Partition Merge                   ;
; Total PLLs                  ; N/A until Partition Merge                   ;
; Total DLLs                  ; N/A until Partition Merge                   ;
+-----------------------------+---------------------------------------------+


+---------------------------------------------------------------------------------------------------------------------------+
; Analysis & Synthesis Settings                                                                                             ;
+---------------------------------------------------------------------------------+--------------------+--------------------+
; Option                                                                          ; Setting            ; Default Value      ;
+---------------------------------------------------------------------------------+--------------------+--------------------+
; Device                                                                          ; 5CEBA4F23C7        ;                    ;
; Top-level entity name                                                           ; riscvmulti         ; riscvmulti         ;
; Family name                                                                     ; Cyclone V          ; Cyclone V          ;
; Use smart compilation                                                           ; Off                ; Off                ;
; Enable parallel Assembler and Timing Analyzer during compilation                ; On                 ; On                 ;
; Enable compact report table                                                     ; Off                ; Off                ;
; Restructure Multiplexers                                                        ; Auto               ; Auto               ;
; MLAB Add Timing Constraints For Mixed-Port Feed-Through Mode Setting Don't Care ; Off                ; Off                ;
; Create Debugging Nodes for IP Cores                                             ; Off                ; Off                ;
; Preserve fewer node names                                                       ; On                 ; On                 ;
; Intel FPGA IP Evaluation Mode                                                   ; Enable             ; Enable             ;
; Verilog Version                                                                 ; Verilog_2001       ; Verilog_2001       ;
; VHDL Version                                                                    ; VHDL_1993          ; VHDL_1993          ;
; State Machine Processing                                                        ; Auto               ; Auto               ;
; Safe State Machine                                                              ; Off                ; Off                ;
; Extract Verilog State Machines                                                  ; On                 ; On                 ;
; Extract VHDL State Machines                                                     ; On                 ; On                 ;
; Ignore Verilog initial constructs                                               ; Off                ; Off                ;
; Iteration limit for constant Verilog loops                                      ; 5000               ; 5000               ;
; Iteration limit for non-constant Verilog loops                                  ; 250                ; 250                ;
; Add Pass-Through Logic to Inferred RAMs                                         ; On                 ; On                 ;
; Infer RAMs from Raw Logic                                                       ; On                 ; On                 ;
; Parallel Synthesis                                                              ; On                 ; On                 ;
; DSP Block Balancing                                                             ; Auto               ; Auto               ;
; NOT Gate Push-Back                                                              ; On                 ; On                 ;
; Power-Up Don't Care                                                             ; On                 ; On                 ;
; Remove Redundant Logic Cells                                                    ; Off                ; Off                ;
; Remove Duplicate Registers                                                      ; On                 ; On                 ;
; Ignore CARRY Buffers                                                            ; Off                ; Off                ;
; Ignore CASCADE Buffers                                                          ; Off                ; Off                ;
; Ignore GLOBAL Buffers                                                           ; Off                ; Off                ;
; Ignore ROW GLOBAL Buffers                                                       ; Off                ; Off                ;
; Ignore LCELL Buffers                                                            ; Off                ; Off                ;
; Ignore SOFT Buffers                                                             ; On                 ; On                 ;
; Limit AHDL Integers to 32 Bits                                                  ; Off                ; Off                ;
; Optimization Technique                                                          ; Balanced           ; Balanced           ;
; Carry Chain Length                                                              ; 70                 ; 70                 ;
; Auto Carry Chains                                                               ; On                 ; On                 ;
; Auto Open-Drain Pins                                                            ; On                 ; On                 ;
; Perform WYSIWYG Primitive Resynthesis                                           ; Off                ; Off                ;
; Auto ROM Replacement                                                            ; On                 ; On                 ;
; Auto RAM Replacement                                                            ; On                 ; On                 ;
; Auto DSP Block Replacement                                                      ; On                 ; On                 ;
; Auto Shift Register Replacement                                                 ; Auto               ; Auto               ;
; Allow Shift Register Merging across Hierarchies                                 ; Auto               ; Auto               ;
; Auto Clock Enable Replacement                                                   ; On                 ; On                 ;
; Strict RAM Replacement                                                          ; Off                ; Off                ;
; Allow Synchronous Control Signals                                               ; On                 ; On                 ;
; Force Use of Synchronous Clear Signals                                          ; Off                ; Off                ;
; Auto Resource Sharing                                                           ; Off                ; Off                ;
; Allow Any RAM Size For Recognition                                              ; Off                ; Off                ;
; Allow Any ROM Size For Recognition                                              ; Off                ; Off                ;
; Allow Any Shift Register Size For Recognition                                   ; Off                ; Off                ;
; Use LogicLock Constraints during Resource Balancing                             ; On                 ; On                 ;
; Ignore translate_off and synthesis_off directives                               ; Off                ; Off                ;
; Timing-Driven Synthesis                                                         ; On                 ; On                 ;
; Report Parameter Settings                                                       ; On                 ; On                 ;
; Report Source Assignments                                                       ; On                 ; On                 ;
; Report Connectivity Checks                                                      ; On                 ; On                 ;
; Ignore Maximum Fan-Out Assignments                                              ; Off                ; Off                ;
; Synchronization Register Chain Length                                           ; 3                  ; 3                  ;
; Power Optimization During Synthesis                                             ; Normal compilation ; Normal compilation ;
; HDL message level                                                               ; Level2             ; Level2             ;
; Suppress Register Optimization Related Messages                                 ; Off                ; Off                ;
; Number of Removed Registers Reported in Synthesis Report                        ; 5000               ; 5000               ;
; Number of Swept Nodes Reported in Synthesis Report                              ; 5000               ; 5000               ;
; Number of Inverted Registers Reported in Synthesis Report                       ; 100                ; 100                ;
; Clock MUX Protection                                                            ; On                 ; On                 ;
; Auto Gated Clock Conversion                                                     ; Off                ; Off                ;
; Block Design Naming                                                             ; Auto               ; Auto               ;
; SDC constraint protection                                                       ; Off                ; Off                ;
; Synthesis Effort                                                                ; Auto               ; Auto               ;
; Shift Register Replacement - Allow Asynchronous Clear Signal                    ; On                 ; On                 ;
; Pre-Mapping Resynthesis Optimization                                            ; Off                ; Off                ;
; Analysis & Synthesis Message Level                                              ; Medium             ; Medium             ;
; Disable Register Merging Across Hierarchies                                     ; Auto               ; Auto               ;
; Resource Aware Inference For Block RAM                                          ; On                 ; On                 ;
; Automatic Parallel Synthesis                                                    ; On                 ; On                 ;
; Partial Reconfiguration Bitstream ID                                            ; Off                ; Off                ;
+---------------------------------------------------------------------------------+--------------------+--------------------+


+------------------------------------------+
; Parallel Compilation                     ;
+----------------------------+-------------+
; Processors                 ; Number      ;
+----------------------------+-------------+
; Number detected on machine ; 8           ;
; Maximum allowed            ; 4           ;
;                            ;             ;
; Average used               ; 1.00        ;
; Maximum used               ; 1           ;
;                            ;             ;
; Usage by Processor         ; % Time Used ;
;     Processor 1            ; 100.0%      ;
+----------------------------+-------------+


+-------------------------------+
; Analysis & Synthesis Messages ;
+-------------------------------+
Info: *******************************************************************
Info: Running Quartus Prime Analysis & Synthesis
    Info: Version 18.0.0 Build 614 04/24/2018 SJ Lite Edition
    Info: Processing started: Mon May 23 11:41:11 2022
Info: Command: quartus_map --read_settings_files=on --write_settings_files=off riscvmulti -c riscvmulti
Warning (18236): Number of processors has not been specified which may cause overloading on shared machines.  Set the global assignment NUM_PARALLEL_PROCESSORS in your QSF to an appropriate value for best performance.
Info (20030): Parallel compilation is enabled and will use 4 of the 4 processors detected
Info (12021): Found 20 design units, including 20 entities, in source file riscvmulti.sv
    Info (12023): Found entity 1: riscvmulti File: C:/Education/ABC/ABC/lab04/exercises/exercise_3/riscvmulti.sv Line: 1
    Info (12023): Found entity 2: controller File: C:/Education/ABC/ABC/lab04/exercises/exercise_3/riscvmulti.sv Line: 22
    Info (12023): Found entity 3: maindec File: C:/Education/ABC/ABC/lab04/exercises/exercise_3/riscvmulti.sv Line: 43
    Info (12023): Found entity 4: aludec File: C:/Education/ABC/ABC/lab04/exercises/exercise_3/riscvmulti.sv Line: 122
    Info (12023): Found entity 5: datapath File: C:/Education/ABC/ABC/lab04/exercises/exercise_3/riscvmulti.sv Line: 140
    Info (12023): Found entity 6: flopenr File: C:/Education/ABC/ABC/lab04/exercises/exercise_3/riscvmulti.sv Line: 192
    Info (12023): Found entity 7: mux3 File: C:/Education/ABC/ABC/lab04/exercises/exercise_3/riscvmulti.sv Line: 201
    Info (12023): Found entity 8: mux4 File: C:/Education/ABC/ABC/lab04/exercises/exercise_3/riscvmulti.sv Line: 207
    Info (12023): Found entity 9: top File: C:/Education/ABC/ABC/lab04/exercises/exercise_3/riscvmulti.sv Line: 221
    Info (12023): Found entity 10: dmem File: C:/Education/ABC/ABC/lab04/exercises/exercise_3/riscvmulti.sv Line: 232
    Info (12023): Found entity 11: imem File: C:/Education/ABC/ABC/lab04/exercises/exercise_3/riscvmulti.sv Line: 240
    Info (12023): Found entity 12: alu File: C:/Education/ABC/ABC/lab04/exercises/exercise_3/riscvmulti.sv Line: 249
    Info (12023): Found entity 13: mux5 File: C:/Education/ABC/ABC/lab04/exercises/exercise_3/riscvmulti.sv Line: 269
    Info (12023): Found entity 14: zeroext File: C:/Education/ABC/ABC/lab04/exercises/exercise_3/riscvmulti.sv Line: 283
    Info (12023): Found entity 15: regfile File: C:/Education/ABC/ABC/lab04/exercises/exercise_3/riscvmulti.sv Line: 289
    Info (12023): Found entity 16: adder File: C:/Education/ABC/ABC/lab04/exercises/exercise_3/riscvmulti.sv Line: 304
    Info (12023): Found entity 17: sl2 File: C:/Education/ABC/ABC/lab04/exercises/exercise_3/riscvmulti.sv Line: 308
    Info (12023): Found entity 18: signext File: C:/Education/ABC/ABC/lab04/exercises/exercise_3/riscvmulti.sv Line: 313
    Info (12023): Found entity 19: flopr File: C:/Education/ABC/ABC/lab04/exercises/exercise_3/riscvmulti.sv Line: 318
    Info (12023): Found entity 20: mux2 File: C:/Education/ABC/ABC/lab04/exercises/exercise_3/riscvmulti.sv Line: 326
Info (12127): Elaborating entity "riscvmulti" for the top level hierarchy
Info (12128): Elaborating entity "controller" for hierarchy "controller:c" File: C:/Education/ABC/ABC/lab04/exercises/exercise_3/riscvmulti.sv Line: 13
Info (12128): Elaborating entity "maindec" for hierarchy "controller:c|maindec:md" File: C:/Education/ABC/ABC/lab04/exercises/exercise_3/riscvmulti.sv Line: 37
Error (10928): SystemVerilog error at riscvmulti.sv(66): enum type cannot be assigned to unpacked array type - types do not match File: C:/Education/ABC/ABC/lab04/exercises/exercise_3/riscvmulti.sv Line: 66
Error (12152): Can't elaborate user hierarchy "controller:c|maindec:md" File: C:/Education/ABC/ABC/lab04/exercises/exercise_3/riscvmulti.sv Line: 37
Error: Quartus Prime Analysis & Synthesis was unsuccessful. 2 errors, 1 warning
    Error: Peak virtual memory: 4765 megabytes
    Error: Processing ended: Mon May 23 11:41:21 2022
    Error: Elapsed time: 00:00:10
    Error: Total CPU time (on all processors): 00:00:21


